{"/Users/chourio/workspace/plugins/react-chatbot-component/eslint.config.js": {"path":"/Users/chourio/workspace/plugins/react-chatbot-component/eslint.config.js","all":true,"statementMap":{"0":{"start":{"line":1,"column":0},"end":{"line":1,"column":27}},"1":{"start":{"line":2,"column":0},"end":{"line":2,"column":29}},"2":{"start":{"line":3,"column":0},"end":{"line":3,"column":50}},"3":{"start":{"line":4,"column":0},"end":{"line":4,"column":54}},"4":{"start":{"line":5,"column":0},"end":{"line":5,"column":40}},"5":{"start":{"line":6,"column":0},"end":{"line":6,"column":0}},"6":{"start":{"line":7,"column":0},"end":{"line":7,"column":31}},"7":{"start":{"line":8,"column":0},"end":{"line":8,"column":24}},"8":{"start":{"line":9,"column":0},"end":{"line":9,"column":3}},"9":{"start":{"line":10,"column":0},"end":{"line":10,"column":71}},"10":{"start":{"line":11,"column":0},"end":{"line":11,"column":29}},"11":{"start":{"line":12,"column":0},"end":{"line":12,"column":22}},"12":{"start":{"line":13,"column":0},"end":{"line":13,"column":24}},"13":{"start":{"line":14,"column":0},"end":{"line":14,"column":31}},"14":{"start":{"line":15,"column":0},"end":{"line":15,"column":6}},"15":{"start":{"line":16,"column":0},"end":{"line":16,"column":14}},"16":{"start":{"line":17,"column":0},"end":{"line":17,"column":32}},"17":{"start":{"line":18,"column":0},"end":{"line":18,"column":36}},"18":{"start":{"line":19,"column":0},"end":{"line":19,"column":6}},"19":{"start":{"line":20,"column":0},"end":{"line":20,"column":12}},"20":{"start":{"line":21,"column":0},"end":{"line":21,"column":46}},"21":{"start":{"line":22,"column":0},"end":{"line":22,"column":47}},"22":{"start":{"line":23,"column":0},"end":{"line":23,"column":15}},"23":{"start":{"line":24,"column":0},"end":{"line":24,"column":38}},"24":{"start":{"line":25,"column":0},"end":{"line":25,"column":8}},"25":{"start":{"line":26,"column":0},"end":{"line":26,"column":6}},"26":{"start":{"line":27,"column":0},"end":{"line":27,"column":4}},"27":{"start":{"line":28,"column":0},"end":{"line":28,"column":1}}},"s":{"0":0,"1":0,"2":0,"3":0,"4":0,"5":0,"6":0,"7":0,"8":0,"9":0,"10":0,"11":0,"12":0,"13":0,"14":0,"15":0,"16":0,"17":0,"18":0,"19":0,"20":0,"21":0,"22":0,"23":0,"24":0,"25":0,"26":0,"27":0},"branchMap":{"0":{"type":"branch","line":1,"loc":{"start":{"line":1,"column":0},"end":{"line":28,"column":-416}},"locations":[{"start":{"line":1,"column":0},"end":{"line":28,"column":-416}}]}},"b":{"0":[0]},"fnMap":{"0":{"name":"(empty-report)","decl":{"start":{"line":1,"column":0},"end":{"line":28,"column":-416}},"loc":{"start":{"line":1,"column":0},"end":{"line":28,"column":-416}},"line":1}},"f":{"0":0}}
,"/Users/chourio/workspace/plugins/react-chatbot-component/tailwind.config.js": {"path":"/Users/chourio/workspace/plugins/react-chatbot-component/tailwind.config.js","all":true,"statementMap":{"0":{"start":{"line":1,"column":0},"end":{"line":1,"column":38}},"1":{"start":{"line":2,"column":0},"end":{"line":2,"column":0}},"2":{"start":{"line":3,"column":0},"end":{"line":3,"column":43}},"3":{"start":{"line":4,"column":0},"end":{"line":4,"column":16}},"4":{"start":{"line":5,"column":0},"end":{"line":5,"column":67}},"5":{"start":{"line":6,"column":0},"end":{"line":6,"column":10}},"6":{"start":{"line":7,"column":0},"end":{"line":7,"column":13}},"7":{"start":{"line":8,"column":0},"end":{"line":8,"column":15}},"8":{"start":{"line":9,"column":0},"end":{"line":9,"column":61}},"9":{"start":{"line":10,"column":0},"end":{"line":10,"column":65}},"10":{"start":{"line":11,"column":0},"end":{"line":11,"column":59}},"11":{"start":{"line":12,"column":0},"end":{"line":12,"column":67}},"12":{"start":{"line":13,"column":0},"end":{"line":13,"column":61}},"13":{"start":{"line":14,"column":0},"end":{"line":14,"column":55}},"14":{"start":{"line":15,"column":0},"end":{"line":15,"column":75}},"15":{"start":{"line":16,"column":0},"end":{"line":16,"column":59}},"16":{"start":{"line":17,"column":0},"end":{"line":17,"column":8}},"17":{"start":{"line":18,"column":0},"end":{"line":18,"column":19}},"18":{"start":{"line":19,"column":0},"end":{"line":19,"column":62}},"19":{"start":{"line":20,"column":0},"end":{"line":20,"column":8}},"20":{"start":{"line":21,"column":0},"end":{"line":21,"column":15}},"21":{"start":{"line":22,"column":0},"end":{"line":22,"column":24}},"22":{"start":{"line":23,"column":0},"end":{"line":23,"column":8}},"23":{"start":{"line":24,"column":0},"end":{"line":24,"column":6}},"24":{"start":{"line":25,"column":0},"end":{"line":25,"column":4}},"25":{"start":{"line":26,"column":0},"end":{"line":26,"column":16}},"26":{"start":{"line":27,"column":0},"end":{"line":27,"column":82}},"27":{"start":{"line":28,"column":0},"end":{"line":28,"column":4}},"28":{"start":{"line":29,"column":0},"end":{"line":29,"column":2}}},"s":{"0":0,"1":0,"2":0,"3":0,"4":0,"5":0,"6":0,"7":0,"8":0,"9":0,"10":0,"11":0,"12":0,"13":0,"14":0,"15":0,"16":0,"17":0,"18":0,"19":0,"20":0,"21":0,"22":0,"23":0,"24":0,"25":0,"26":0,"27":0,"28":0},"branchMap":{"0":{"type":"branch","line":1,"loc":{"start":{"line":1,"column":0},"end":{"line":29,"column":-75}},"locations":[{"start":{"line":1,"column":0},"end":{"line":29,"column":-75}}]}},"b":{"0":[0]},"fnMap":{"0":{"name":"(empty-report)","decl":{"start":{"line":1,"column":0},"end":{"line":29,"column":-75}},"loc":{"start":{"line":1,"column":0},"end":{"line":29,"column":-75}},"line":1}},"f":{"0":0}}
,"/Users/chourio/workspace/plugins/react-chatbot-component/src/chatbot.tsx": {"path":"/Users/chourio/workspace/plugins/react-chatbot-component/src/chatbot.tsx","all":false,"statementMap":{"0":{"start":{"line":1,"column":0},"end":{"line":1,"column":72}},"7":{"start":{"line":8,"column":0},"end":{"line":8,"column":36}},"8":{"start":{"line":9,"column":0},"end":{"line":9,"column":21}},"9":{"start":{"line":10,"column":0},"end":{"line":10,"column":23}},"10":{"start":{"line":11,"column":0},"end":{"line":11,"column":20}},"11":{"start":{"line":12,"column":0},"end":{"line":12,"column":24}},"12":{"start":{"line":13,"column":0},"end":{"line":13,"column":21}},"13":{"start":{"line":14,"column":0},"end":{"line":14,"column":18}},"14":{"start":{"line":15,"column":0},"end":{"line":15,"column":27}},"15":{"start":{"line":16,"column":0},"end":{"line":16,"column":20}},"16":{"start":{"line":17,"column":0},"end":{"line":17,"column":32}},"17":{"start":{"line":18,"column":0},"end":{"line":18,"column":2}},"19":{"start":{"line":20,"column":0},"end":{"line":20,"column":54}},"20":{"start":{"line":21,"column":0},"end":{"line":21,"column":27}},"21":{"start":{"line":22,"column":0},"end":{"line":22,"column":54}},"22":{"start":{"line":23,"column":0},"end":{"line":23,"column":39}},"23":{"start":{"line":24,"column":0},"end":{"line":24,"column":28}},"24":{"start":{"line":25,"column":0},"end":{"line":25,"column":13}},"25":{"start":{"line":26,"column":0},"end":{"line":26,"column":12}},"26":{"start":{"line":27,"column":0},"end":{"line":27,"column":20}},"27":{"start":{"line":28,"column":0},"end":{"line":28,"column":29}},"28":{"start":{"line":29,"column":0},"end":{"line":29,"column":36}},"29":{"start":{"line":30,"column":0},"end":{"line":30,"column":27}},"30":{"start":{"line":31,"column":0},"end":{"line":31,"column":11}},"31":{"start":{"line":32,"column":0},"end":{"line":32,"column":12}},"32":{"start":{"line":33,"column":0},"end":{"line":33,"column":7}},"33":{"start":{"line":34,"column":0},"end":{"line":34,"column":62}},"34":{"start":{"line":35,"column":0},"end":{"line":35,"column":62}},"35":{"start":{"line":36,"column":0},"end":{"line":36,"column":51}},"36":{"start":{"line":37,"column":0},"end":{"line":37,"column":50}},"39":{"start":{"line":40,"column":0},"end":{"line":40,"column":52}},"40":{"start":{"line":41,"column":0},"end":{"line":41,"column":56}},"41":{"start":{"line":42,"column":0},"end":{"line":42,"column":60}},"42":{"start":{"line":43,"column":0},"end":{"line":43,"column":50}},"43":{"start":{"line":44,"column":0},"end":{"line":44,"column":51}},"44":{"start":{"line":45,"column":0},"end":{"line":45,"column":60}},"45":{"start":{"line":46,"column":0},"end":{"line":46,"column":54}},"46":{"start":{"line":47,"column":0},"end":{"line":47,"column":50}},"47":{"start":{"line":48,"column":0},"end":{"line":48,"column":58}},"49":{"start":{"line":50,"column":0},"end":{"line":50,"column":16}},"50":{"start":{"line":51,"column":0},"end":{"line":51,"column":71}},"51":{"start":{"line":52,"column":0},"end":{"line":52,"column":52}},"54":{"start":{"line":55,"column":0},"end":{"line":55,"column":19}},"55":{"start":{"line":56,"column":0},"end":{"line":56,"column":61}},"56":{"start":{"line":57,"column":0},"end":{"line":57,"column":17}},"59":{"start":{"line":60,"column":0},"end":{"line":60,"column":34}},"60":{"start":{"line":61,"column":0},"end":{"line":61,"column":11}},"62":{"start":{"line":63,"column":0},"end":{"line":63,"column":37}},"63":{"start":{"line":64,"column":0},"end":{"line":64,"column":53}},"64":{"start":{"line":65,"column":0},"end":{"line":65,"column":51}},"66":{"start":{"line":67,"column":0},"end":{"line":67,"column":44}},"67":{"start":{"line":68,"column":0},"end":{"line":68,"column":19}},"68":{"start":{"line":69,"column":0},"end":{"line":69,"column":21}},"69":{"start":{"line":70,"column":0},"end":{"line":70,"column":33}},"70":{"start":{"line":71,"column":0},"end":{"line":71,"column":36}},"71":{"start":{"line":72,"column":0},"end":{"line":72,"column":52}},"72":{"start":{"line":73,"column":0},"end":{"line":73,"column":50}},"73":{"start":{"line":74,"column":0},"end":{"line":74,"column":30}},"74":{"start":{"line":75,"column":0},"end":{"line":75,"column":11}},"75":{"start":{"line":76,"column":0},"end":{"line":76,"column":7}},"78":{"start":{"line":79,"column":0},"end":{"line":79,"column":38}},"79":{"start":{"line":80,"column":0},"end":{"line":80,"column":45}},"80":{"start":{"line":81,"column":0},"end":{"line":81,"column":19}},"81":{"start":{"line":82,"column":0},"end":{"line":82,"column":22}},"82":{"start":{"line":83,"column":0},"end":{"line":83,"column":11}},"85":{"start":{"line":86,"column":0},"end":{"line":86,"column":44}},"86":{"start":{"line":87,"column":0},"end":{"line":87,"column":16}},"87":{"start":{"line":88,"column":0},"end":{"line":88,"column":22}},"88":{"start":{"line":89,"column":0},"end":{"line":89,"column":29}},"89":{"start":{"line":90,"column":0},"end":{"line":90,"column":21}},"90":{"start":{"line":91,"column":0},"end":{"line":91,"column":20}},"91":{"start":{"line":92,"column":0},"end":{"line":92,"column":11}},"92":{"start":{"line":93,"column":0},"end":{"line":93,"column":7}},"95":{"start":{"line":96,"column":0},"end":{"line":96,"column":56}},"96":{"start":{"line":97,"column":0},"end":{"line":97,"column":40}},"97":{"start":{"line":98,"column":0},"end":{"line":98,"column":19}},"98":{"start":{"line":99,"column":0},"end":{"line":99,"column":24}},"99":{"start":{"line":100,"column":0},"end":{"line":100,"column":20}},"100":{"start":{"line":101,"column":0},"end":{"line":101,"column":11}},"101":{"start":{"line":102,"column":0},"end":{"line":102,"column":39}},"102":{"start":{"line":103,"column":0},"end":{"line":103,"column":19}},"103":{"start":{"line":104,"column":0},"end":{"line":104,"column":22}},"104":{"start":{"line":105,"column":0},"end":{"line":105,"column":20}},"105":{"start":{"line":106,"column":0},"end":{"line":106,"column":11}},"106":{"start":{"line":107,"column":0},"end":{"line":107,"column":7}},"109":{"start":{"line":110,"column":0},"end":{"line":110,"column":39}},"110":{"start":{"line":111,"column":0},"end":{"line":111,"column":80}},"111":{"start":{"line":112,"column":0},"end":{"line":112,"column":30}},"112":{"start":{"line":113,"column":0},"end":{"line":113,"column":27}},"113":{"start":{"line":114,"column":0},"end":{"line":114,"column":23}},"114":{"start":{"line":115,"column":0},"end":{"line":115,"column":25}},"115":{"start":{"line":116,"column":0},"end":{"line":116,"column":13}},"117":{"start":{"line":118,"column":0},"end":{"line":118,"column":51}},"118":{"start":{"line":119,"column":0},"end":{"line":119,"column":23}},"119":{"start":{"line":120,"column":0},"end":{"line":120,"column":23}},"120":{"start":{"line":121,"column":0},"end":{"line":121,"column":23}},"121":{"start":{"line":122,"column":0},"end":{"line":122,"column":26}},"122":{"start":{"line":123,"column":0},"end":{"line":123,"column":34}},"123":{"start":{"line":124,"column":0},"end":{"line":124,"column":25}},"124":{"start":{"line":125,"column":0},"end":{"line":125,"column":12}},"125":{"start":{"line":126,"column":0},"end":{"line":126,"column":21}},"126":{"start":{"line":127,"column":0},"end":{"line":127,"column":23}},"127":{"start":{"line":128,"column":0},"end":{"line":128,"column":25}},"128":{"start":{"line":129,"column":0},"end":{"line":129,"column":26}},"129":{"start":{"line":130,"column":0},"end":{"line":130,"column":33}},"130":{"start":{"line":131,"column":0},"end":{"line":131,"column":25}},"131":{"start":{"line":132,"column":0},"end":{"line":132,"column":22}},"132":{"start":{"line":133,"column":0},"end":{"line":133,"column":9}},"133":{"start":{"line":134,"column":0},"end":{"line":134,"column":7}},"134":{"start":{"line":135,"column":0},"end":{"line":135,"column":6}},"135":{"start":{"line":136,"column":0},"end":{"line":136,"column":27}},"136":{"start":{"line":137,"column":0},"end":{"line":137,"column":4}},"139":{"start":{"line":140,"column":0},"end":{"line":140,"column":10}},"140":{"start":{"line":141,"column":0},"end":{"line":141,"column":11}},"141":{"start":{"line":142,"column":0},"end":{"line":142,"column":44}},"143":{"start":{"line":144,"column":0},"end":{"line":144,"column":19}},"145":{"start":{"line":146,"column":0},"end":{"line":146,"column":70}},"148":{"start":{"line":149,"column":0},"end":{"line":149,"column":80}},"149":{"start":{"line":150,"column":0},"end":{"line":150,"column":84}},"150":{"start":{"line":151,"column":0},"end":{"line":151,"column":88}},"152":{"start":{"line":153,"column":0},"end":{"line":153,"column":63}},"153":{"start":{"line":154,"column":0},"end":{"line":154,"column":67}},"154":{"start":{"line":155,"column":0},"end":{"line":155,"column":61}},"156":{"start":{"line":157,"column":0},"end":{"line":157,"column":35}},"157":{"start":{"line":158,"column":0},"end":{"line":158,"column":41}},"158":{"start":{"line":159,"column":0},"end":{"line":159,"column":19}},"159":{"start":{"line":160,"column":0},"end":{"line":160,"column":21}},"160":{"start":{"line":161,"column":0},"end":{"line":161,"column":15}},"161":{"start":{"line":162,"column":0},"end":{"line":162,"column":24}},"162":{"start":{"line":163,"column":0},"end":{"line":163,"column":31}},"163":{"start":{"line":164,"column":0},"end":{"line":164,"column":11}},"166":{"start":{"line":167,"column":0},"end":{"line":167,"column":23}},"167":{"start":{"line":168,"column":0},"end":{"line":168,"column":29}},"168":{"start":{"line":169,"column":0},"end":{"line":169,"column":19}},"169":{"start":{"line":170,"column":0},"end":{"line":170,"column":23}},"170":{"start":{"line":171,"column":0},"end":{"line":171,"column":26}},"171":{"start":{"line":172,"column":0},"end":{"line":172,"column":30}},"172":{"start":{"line":173,"column":0},"end":{"line":173,"column":22}},"173":{"start":{"line":174,"column":0},"end":{"line":174,"column":9}},"175":{"start":{"line":176,"column":0},"end":{"line":176,"column":25}},"176":{"start":{"line":177,"column":0},"end":{"line":177,"column":31}},"177":{"start":{"line":178,"column":0},"end":{"line":178,"column":18}},"178":{"start":{"line":179,"column":0},"end":{"line":179,"column":23}},"179":{"start":{"line":180,"column":0},"end":{"line":180,"column":26}},"180":{"start":{"line":181,"column":0},"end":{"line":181,"column":30}},"181":{"start":{"line":182,"column":0},"end":{"line":182,"column":22}},"182":{"start":{"line":183,"column":0},"end":{"line":183,"column":9}},"184":{"start":{"line":185,"column":0},"end":{"line":185,"column":22}},"185":{"start":{"line":186,"column":0},"end":{"line":186,"column":28}},"186":{"start":{"line":187,"column":0},"end":{"line":187,"column":18}},"187":{"start":{"line":188,"column":0},"end":{"line":188,"column":23}},"188":{"start":{"line":189,"column":0},"end":{"line":189,"column":26}},"189":{"start":{"line":190,"column":0},"end":{"line":190,"column":30}},"190":{"start":{"line":191,"column":0},"end":{"line":191,"column":22}},"191":{"start":{"line":192,"column":0},"end":{"line":192,"column":9}},"192":{"start":{"line":193,"column":0},"end":{"line":193,"column":14}},"194":{"start":{"line":195,"column":0},"end":{"line":195,"column":80}},"195":{"start":{"line":196,"column":0},"end":{"line":196,"column":84}},"196":{"start":{"line":197,"column":0},"end":{"line":197,"column":88}},"198":{"start":{"line":199,"column":0},"end":{"line":199,"column":34}},"199":{"start":{"line":200,"column":0},"end":{"line":200,"column":29}},"200":{"start":{"line":201,"column":0},"end":{"line":201,"column":73}},"201":{"start":{"line":202,"column":0},"end":{"line":202,"column":11}},"202":{"start":{"line":203,"column":0},"end":{"line":203,"column":11}},"204":{"start":{"line":205,"column":0},"end":{"line":205,"column":22}},"205":{"start":{"line":206,"column":0},"end":{"line":206,"column":26}},"206":{"start":{"line":207,"column":0},"end":{"line":207,"column":18}},"207":{"start":{"line":208,"column":0},"end":{"line":208,"column":23}},"208":{"start":{"line":209,"column":0},"end":{"line":209,"column":26}},"209":{"start":{"line":210,"column":0},"end":{"line":210,"column":29}},"210":{"start":{"line":211,"column":0},"end":{"line":211,"column":13}},"211":{"start":{"line":212,"column":0},"end":{"line":212,"column":9}},"213":{"start":{"line":214,"column":0},"end":{"line":214,"column":25}},"214":{"start":{"line":215,"column":0},"end":{"line":215,"column":29}},"215":{"start":{"line":216,"column":0},"end":{"line":216,"column":18}},"216":{"start":{"line":217,"column":0},"end":{"line":217,"column":23}},"217":{"start":{"line":218,"column":0},"end":{"line":218,"column":26}},"218":{"start":{"line":219,"column":0},"end":{"line":219,"column":29}},"219":{"start":{"line":220,"column":0},"end":{"line":220,"column":22}},"220":{"start":{"line":221,"column":0},"end":{"line":221,"column":9}},"222":{"start":{"line":223,"column":0},"end":{"line":223,"column":23}},"223":{"start":{"line":224,"column":0},"end":{"line":224,"column":27}},"224":{"start":{"line":225,"column":0},"end":{"line":225,"column":19}},"225":{"start":{"line":226,"column":0},"end":{"line":226,"column":23}},"226":{"start":{"line":227,"column":0},"end":{"line":227,"column":26}},"227":{"start":{"line":228,"column":0},"end":{"line":228,"column":29}},"228":{"start":{"line":229,"column":0},"end":{"line":229,"column":22}},"229":{"start":{"line":230,"column":0},"end":{"line":230,"column":9}},"231":{"start":{"line":232,"column":0},"end":{"line":232,"column":41}},"232":{"start":{"line":233,"column":0},"end":{"line":233,"column":19}},"233":{"start":{"line":234,"column":0},"end":{"line":234,"column":21}},"234":{"start":{"line":235,"column":0},"end":{"line":235,"column":52}},"235":{"start":{"line":236,"column":0},"end":{"line":236,"column":24}},"236":{"start":{"line":237,"column":0},"end":{"line":237,"column":30}},"237":{"start":{"line":238,"column":0},"end":{"line":238,"column":20}},"238":{"start":{"line":239,"column":0},"end":{"line":239,"column":7}},"239":{"start":{"line":240,"column":0},"end":{"line":240,"column":6}},"240":{"start":{"line":241,"column":0},"end":{"line":241,"column":51}},"241":{"start":{"line":242,"column":0},"end":{"line":242,"column":4}},"244":{"start":{"line":245,"column":0},"end":{"line":245,"column":10}},"245":{"start":{"line":246,"column":0},"end":{"line":246,"column":11}},"246":{"start":{"line":247,"column":0},"end":{"line":247,"column":64}},"248":{"start":{"line":249,"column":0},"end":{"line":249,"column":33}},"250":{"start":{"line":251,"column":0},"end":{"line":251,"column":19}},"252":{"start":{"line":253,"column":0},"end":{"line":253,"column":36}},"253":{"start":{"line":254,"column":0},"end":{"line":254,"column":19}},"254":{"start":{"line":255,"column":0},"end":{"line":255,"column":25}},"255":{"start":{"line":256,"column":0},"end":{"line":256,"column":21}},"256":{"start":{"line":257,"column":0},"end":{"line":257,"column":24}},"257":{"start":{"line":258,"column":0},"end":{"line":258,"column":30}},"258":{"start":{"line":259,"column":0},"end":{"line":259,"column":10}},"259":{"start":{"line":260,"column":0},"end":{"line":260,"column":35}},"260":{"start":{"line":261,"column":0},"end":{"line":261,"column":19}},"261":{"start":{"line":262,"column":0},"end":{"line":262,"column":22}},"262":{"start":{"line":263,"column":0},"end":{"line":263,"column":21}},"263":{"start":{"line":264,"column":0},"end":{"line":264,"column":24}},"264":{"start":{"line":265,"column":0},"end":{"line":265,"column":31}},"265":{"start":{"line":266,"column":0},"end":{"line":266,"column":20}},"266":{"start":{"line":267,"column":0},"end":{"line":267,"column":14}},"268":{"start":{"line":269,"column":0},"end":{"line":269,"column":37}},"269":{"start":{"line":270,"column":0},"end":{"line":270,"column":19}},"270":{"start":{"line":271,"column":0},"end":{"line":271,"column":24}},"271":{"start":{"line":272,"column":0},"end":{"line":272,"column":21}},"272":{"start":{"line":273,"column":0},"end":{"line":273,"column":24}},"273":{"start":{"line":274,"column":0},"end":{"line":274,"column":30}},"274":{"start":{"line":275,"column":0},"end":{"line":275,"column":10}},"275":{"start":{"line":276,"column":0},"end":{"line":276,"column":34}},"276":{"start":{"line":277,"column":0},"end":{"line":277,"column":19}},"277":{"start":{"line":278,"column":0},"end":{"line":278,"column":22}},"278":{"start":{"line":279,"column":0},"end":{"line":279,"column":21}},"279":{"start":{"line":280,"column":0},"end":{"line":280,"column":24}},"280":{"start":{"line":281,"column":0},"end":{"line":281,"column":31}},"281":{"start":{"line":282,"column":0},"end":{"line":282,"column":20}},"282":{"start":{"line":283,"column":0},"end":{"line":283,"column":7}},"283":{"start":{"line":284,"column":0},"end":{"line":284,"column":6}},"284":{"start":{"line":285,"column":0},"end":{"line":285,"column":51}},"285":{"start":{"line":286,"column":0},"end":{"line":286,"column":4}},"288":{"start":{"line":289,"column":0},"end":{"line":289,"column":10}},"289":{"start":{"line":290,"column":0},"end":{"line":290,"column":11}},"290":{"start":{"line":291,"column":0},"end":{"line":291,"column":48}},"292":{"start":{"line":293,"column":0},"end":{"line":293,"column":76}},"293":{"start":{"line":294,"column":0},"end":{"line":294,"column":36}},"294":{"start":{"line":295,"column":0},"end":{"line":295,"column":8}},"295":{"start":{"line":296,"column":0},"end":{"line":296,"column":39}},"296":{"start":{"line":297,"column":0},"end":{"line":297,"column":72}},"297":{"start":{"line":298,"column":0},"end":{"line":298,"column":77}},"299":{"start":{"line":300,"column":0},"end":{"line":300,"column":20}},"300":{"start":{"line":301,"column":0},"end":{"line":301,"column":22}},"301":{"start":{"line":302,"column":0},"end":{"line":302,"column":11}},"302":{"start":{"line":303,"column":0},"end":{"line":303,"column":23}},"303":{"start":{"line":304,"column":0},"end":{"line":304,"column":18}},"304":{"start":{"line":305,"column":0},"end":{"line":305,"column":23}},"305":{"start":{"line":306,"column":0},"end":{"line":306,"column":39}},"306":{"start":{"line":307,"column":0},"end":{"line":307,"column":12}},"307":{"start":{"line":308,"column":0},"end":{"line":308,"column":11}},"308":{"start":{"line":309,"column":0},"end":{"line":309,"column":23}},"309":{"start":{"line":310,"column":0},"end":{"line":310,"column":17}},"310":{"start":{"line":311,"column":0},"end":{"line":311,"column":21}},"311":{"start":{"line":312,"column":0},"end":{"line":312,"column":17}},"312":{"start":{"line":313,"column":0},"end":{"line":313,"column":26}},"313":{"start":{"line":314,"column":0},"end":{"line":314,"column":34}},"314":{"start":{"line":315,"column":0},"end":{"line":315,"column":11}},"315":{"start":{"line":316,"column":0},"end":{"line":316,"column":10}},"316":{"start":{"line":317,"column":0},"end":{"line":317,"column":7}},"317":{"start":{"line":318,"column":0},"end":{"line":318,"column":6}},"318":{"start":{"line":319,"column":0},"end":{"line":319,"column":60}},"319":{"start":{"line":320,"column":0},"end":{"line":320,"column":4}},"322":{"start":{"line":323,"column":0},"end":{"line":323,"column":19}},"323":{"start":{"line":324,"column":0},"end":{"line":324,"column":48}},"324":{"start":{"line":325,"column":0},"end":{"line":325,"column":25}},"325":{"start":{"line":326,"column":0},"end":{"line":326,"column":61}},"326":{"start":{"line":327,"column":0},"end":{"line":327,"column":20}},"327":{"start":{"line":328,"column":0},"end":{"line":328,"column":43}},"328":{"start":{"line":329,"column":0},"end":{"line":329,"column":72}},"329":{"start":{"line":330,"column":0},"end":{"line":330,"column":17}},"330":{"start":{"line":331,"column":0},"end":{"line":331,"column":12}},"331":{"start":{"line":332,"column":0},"end":{"line":332,"column":9}},"332":{"start":{"line":333,"column":0},"end":{"line":333,"column":9}},"333":{"start":{"line":334,"column":0},"end":{"line":334,"column":5}},"334":{"start":{"line":335,"column":0},"end":{"line":335,"column":20}},"337":{"start":{"line":338,"column":0},"end":{"line":338,"column":19}},"338":{"start":{"line":339,"column":0},"end":{"line":339,"column":50}},"339":{"start":{"line":340,"column":0},"end":{"line":340,"column":19}},"340":{"start":{"line":341,"column":0},"end":{"line":341,"column":9}},"341":{"start":{"line":342,"column":0},"end":{"line":342,"column":24}},"342":{"start":{"line":343,"column":0},"end":{"line":343,"column":31}},"343":{"start":{"line":344,"column":0},"end":{"line":344,"column":24}},"344":{"start":{"line":345,"column":0},"end":{"line":345,"column":32}},"345":{"start":{"line":346,"column":0},"end":{"line":346,"column":10}},"346":{"start":{"line":347,"column":0},"end":{"line":347,"column":9}},"347":{"start":{"line":348,"column":0},"end":{"line":348,"column":5}},"348":{"start":{"line":349,"column":0},"end":{"line":349,"column":23}},"351":{"start":{"line":352,"column":0},"end":{"line":352,"column":19}},"352":{"start":{"line":353,"column":0},"end":{"line":353,"column":45}},"354":{"start":{"line":355,"column":0},"end":{"line":355,"column":38}},"355":{"start":{"line":356,"column":0},"end":{"line":356,"column":96}},"356":{"start":{"line":357,"column":0},"end":{"line":357,"column":100}},"357":{"start":{"line":358,"column":0},"end":{"line":358,"column":104}},"359":{"start":{"line":360,"column":0},"end":{"line":360,"column":69}},"360":{"start":{"line":361,"column":0},"end":{"line":361,"column":39}},"361":{"start":{"line":362,"column":0},"end":{"line":362,"column":53}},"362":{"start":{"line":363,"column":0},"end":{"line":363,"column":9}},"363":{"start":{"line":364,"column":0},"end":{"line":364,"column":73}},"364":{"start":{"line":365,"column":0},"end":{"line":365,"column":41}},"365":{"start":{"line":366,"column":0},"end":{"line":366,"column":55}},"366":{"start":{"line":367,"column":0},"end":{"line":367,"column":9}},"367":{"start":{"line":368,"column":0},"end":{"line":368,"column":67}},"368":{"start":{"line":369,"column":0},"end":{"line":369,"column":38}},"369":{"start":{"line":370,"column":0},"end":{"line":370,"column":52}},"370":{"start":{"line":371,"column":0},"end":{"line":371,"column":9}},"371":{"start":{"line":372,"column":0},"end":{"line":372,"column":49}},"373":{"start":{"line":374,"column":0},"end":{"line":374,"column":39}},"374":{"start":{"line":375,"column":0},"end":{"line":375,"column":5}},"375":{"start":{"line":376,"column":0},"end":{"line":376,"column":15}},"378":{"start":{"line":379,"column":0},"end":{"line":379,"column":19}},"379":{"start":{"line":380,"column":0},"end":{"line":380,"column":65}},"380":{"start":{"line":381,"column":0},"end":{"line":381,"column":45}},"381":{"start":{"line":382,"column":0},"end":{"line":382,"column":52}},"382":{"start":{"line":383,"column":0},"end":{"line":383,"column":22}},"383":{"start":{"line":384,"column":0},"end":{"line":384,"column":27}},"384":{"start":{"line":385,"column":0},"end":{"line":385,"column":9}},"385":{"start":{"line":386,"column":0},"end":{"line":386,"column":5}},"386":{"start":{"line":387,"column":0},"end":{"line":387,"column":17}},"389":{"start":{"line":390,"column":0},"end":{"line":390,"column":19}},"390":{"start":{"line":391,"column":0},"end":{"line":391,"column":37}},"391":{"start":{"line":392,"column":0},"end":{"line":392,"column":35}},"392":{"start":{"line":393,"column":0},"end":{"line":393,"column":34}},"393":{"start":{"line":394,"column":0},"end":{"line":394,"column":9}},"394":{"start":{"line":395,"column":0},"end":{"line":395,"column":5}},"395":{"start":{"line":396,"column":0},"end":{"line":396,"column":15}},"397":{"start":{"line":398,"column":0},"end":{"line":398,"column":42}},"398":{"start":{"line":399,"column":0},"end":{"line":399,"column":30}},"401":{"start":{"line":402,"column":0},"end":{"line":402,"column":36}},"402":{"start":{"line":403,"column":0},"end":{"line":403,"column":42}},"403":{"start":{"line":404,"column":0},"end":{"line":404,"column":20}},"404":{"start":{"line":405,"column":0},"end":{"line":405,"column":22}},"405":{"start":{"line":406,"column":0},"end":{"line":406,"column":27}},"406":{"start":{"line":407,"column":0},"end":{"line":407,"column":27}},"407":{"start":{"line":408,"column":0},"end":{"line":408,"column":46}},"408":{"start":{"line":409,"column":0},"end":{"line":409,"column":21}},"409":{"start":{"line":410,"column":0},"end":{"line":410,"column":26}},"410":{"start":{"line":411,"column":0},"end":{"line":411,"column":39}},"411":{"start":{"line":412,"column":0},"end":{"line":412,"column":13}},"412":{"start":{"line":413,"column":0},"end":{"line":413,"column":9}},"413":{"start":{"line":414,"column":0},"end":{"line":414,"column":9}},"414":{"start":{"line":415,"column":0},"end":{"line":415,"column":5}},"416":{"start":{"line":417,"column":0},"end":{"line":417,"column":41}},"417":{"start":{"line":418,"column":0},"end":{"line":418,"column":35}},"418":{"start":{"line":419,"column":0},"end":{"line":419,"column":5}},"419":{"start":{"line":420,"column":0},"end":{"line":420,"column":26}},"420":{"start":{"line":421,"column":0},"end":{"line":421,"column":43}},"422":{"start":{"line":423,"column":0},"end":{"line":423,"column":65}},"423":{"start":{"line":424,"column":0},"end":{"line":424,"column":29}},"425":{"start":{"line":426,"column":0},"end":{"line":426,"column":38}},"426":{"start":{"line":427,"column":0},"end":{"line":427,"column":31}},"427":{"start":{"line":428,"column":0},"end":{"line":428,"column":24}},"428":{"start":{"line":429,"column":0},"end":{"line":429,"column":21}},"429":{"start":{"line":430,"column":0},"end":{"line":430,"column":28}},"430":{"start":{"line":431,"column":0},"end":{"line":431,"column":6}},"432":{"start":{"line":433,"column":0},"end":{"line":433,"column":76}},"433":{"start":{"line":434,"column":0},"end":{"line":434,"column":22}},"436":{"start":{"line":437,"column":0},"end":{"line":437,"column":27}},"437":{"start":{"line":438,"column":0},"end":{"line":438,"column":33}},"438":{"start":{"line":439,"column":0},"end":{"line":439,"column":31}},"439":{"start":{"line":440,"column":0},"end":{"line":440,"column":20}},"440":{"start":{"line":441,"column":0},"end":{"line":441,"column":22}},"441":{"start":{"line":442,"column":0},"end":{"line":442,"column":26}},"442":{"start":{"line":443,"column":0},"end":{"line":443,"column":8}},"443":{"start":{"line":444,"column":0},"end":{"line":444,"column":29}},"444":{"start":{"line":445,"column":0},"end":{"line":445,"column":17}},"445":{"start":{"line":446,"column":0},"end":{"line":446,"column":22}},"446":{"start":{"line":447,"column":0},"end":{"line":447,"column":35}},"447":{"start":{"line":448,"column":0},"end":{"line":448,"column":9}},"448":{"start":{"line":449,"column":0},"end":{"line":449,"column":5}},"450":{"start":{"line":451,"column":0},"end":{"line":451,"column":20}},"451":{"start":{"line":452,"column":0},"end":{"line":452,"column":24}},"452":{"start":{"line":453,"column":0},"end":{"line":453,"column":11}},"453":{"start":{"line":454,"column":0},"end":{"line":454,"column":54}},"454":{"start":{"line":455,"column":0},"end":{"line":455,"column":41}},"455":{"start":{"line":456,"column":0},"end":{"line":456,"column":34}},"456":{"start":{"line":457,"column":0},"end":{"line":457,"column":25}},"457":{"start":{"line":458,"column":0},"end":{"line":458,"column":24}},"458":{"start":{"line":459,"column":0},"end":{"line":459,"column":32}},"459":{"start":{"line":460,"column":0},"end":{"line":460,"column":10}},"460":{"start":{"line":461,"column":0},"end":{"line":461,"column":79}},"461":{"start":{"line":462,"column":0},"end":{"line":462,"column":23}},"462":{"start":{"line":463,"column":0},"end":{"line":463,"column":43}},"463":{"start":{"line":464,"column":0},"end":{"line":464,"column":36}},"464":{"start":{"line":465,"column":0},"end":{"line":465,"column":67}},"465":{"start":{"line":466,"column":0},"end":{"line":466,"column":24}},"466":{"start":{"line":467,"column":0},"end":{"line":467,"column":32}},"467":{"start":{"line":468,"column":0},"end":{"line":468,"column":10}},"468":{"start":{"line":469,"column":0},"end":{"line":469,"column":31}},"469":{"start":{"line":470,"column":0},"end":{"line":470,"column":44}},"470":{"start":{"line":471,"column":0},"end":{"line":471,"column":23}},"471":{"start":{"line":472,"column":0},"end":{"line":472,"column":11}},"472":{"start":{"line":473,"column":0},"end":{"line":473,"column":17}},"473":{"start":{"line":474,"column":0},"end":{"line":474,"column":27}},"474":{"start":{"line":475,"column":0},"end":{"line":475,"column":7}},"475":{"start":{"line":476,"column":0},"end":{"line":476,"column":5}},"476":{"start":{"line":477,"column":0},"end":{"line":477,"column":5}},"478":{"start":{"line":479,"column":0},"end":{"line":479,"column":54}},"479":{"start":{"line":480,"column":0},"end":{"line":480,"column":43}},"480":{"start":{"line":481,"column":0},"end":{"line":481,"column":25}},"481":{"start":{"line":482,"column":0},"end":{"line":482,"column":36}},"482":{"start":{"line":483,"column":0},"end":{"line":483,"column":5}},"483":{"start":{"line":484,"column":0},"end":{"line":484,"column":4}},"486":{"start":{"line":487,"column":0},"end":{"line":487,"column":47}},"487":{"start":{"line":488,"column":0},"end":{"line":488,"column":47}},"488":{"start":{"line":489,"column":0},"end":{"line":489,"column":42}},"489":{"start":{"line":490,"column":0},"end":{"line":490,"column":19}},"490":{"start":{"line":491,"column":0},"end":{"line":491,"column":22}},"491":{"start":{"line":492,"column":0},"end":{"line":492,"column":27}},"492":{"start":{"line":493,"column":0},"end":{"line":493,"column":9}},"493":{"start":{"line":494,"column":0},"end":{"line":494,"column":5}},"494":{"start":{"line":495,"column":0},"end":{"line":495,"column":5}},"496":{"start":{"line":497,"column":0},"end":{"line":497,"column":47}},"497":{"start":{"line":498,"column":0},"end":{"line":498,"column":47}},"498":{"start":{"line":499,"column":0},"end":{"line":499,"column":42}},"499":{"start":{"line":500,"column":0},"end":{"line":500,"column":17}},"500":{"start":{"line":501,"column":0},"end":{"line":501,"column":22}},"501":{"start":{"line":502,"column":0},"end":{"line":502,"column":27}},"502":{"start":{"line":503,"column":0},"end":{"line":503,"column":9}},"503":{"start":{"line":504,"column":0},"end":{"line":504,"column":5}},"504":{"start":{"line":505,"column":0},"end":{"line":505,"column":5}},"506":{"start":{"line":507,"column":0},"end":{"line":507,"column":27}},"507":{"start":{"line":508,"column":0},"end":{"line":508,"column":44}},"508":{"start":{"line":509,"column":0},"end":{"line":509,"column":42}},"509":{"start":{"line":510,"column":0},"end":{"line":510,"column":38}},"510":{"start":{"line":511,"column":0},"end":{"line":511,"column":36}},"511":{"start":{"line":512,"column":0},"end":{"line":512,"column":4}},"513":{"start":{"line":514,"column":0},"end":{"line":514,"column":10}},"514":{"start":{"line":515,"column":0},"end":{"line":515,"column":8}},"515":{"start":{"line":516,"column":0},"end":{"line":516,"column":24}},"516":{"start":{"line":517,"column":0},"end":{"line":517,"column":60}},"517":{"start":{"line":518,"column":0},"end":{"line":518,"column":30}},"518":{"start":{"line":519,"column":0},"end":{"line":519,"column":14}},"519":{"start":{"line":520,"column":0},"end":{"line":520,"column":37}},"520":{"start":{"line":521,"column":0},"end":{"line":521,"column":8}},"523":{"start":{"line":524,"column":0},"end":{"line":524,"column":10}},"524":{"start":{"line":525,"column":0},"end":{"line":525,"column":30}},"525":{"start":{"line":526,"column":0},"end":{"line":526,"column":159}},"528":{"start":{"line":529,"column":0},"end":{"line":529,"column":118}},"529":{"start":{"line":530,"column":0},"end":{"line":530,"column":52}},"530":{"start":{"line":531,"column":0},"end":{"line":531,"column":17}},"531":{"start":{"line":532,"column":0},"end":{"line":532,"column":34}},"532":{"start":{"line":533,"column":0},"end":{"line":533,"column":78}},"533":{"start":{"line":534,"column":0},"end":{"line":534,"column":35}},"535":{"start":{"line":536,"column":0},"end":{"line":536,"column":16}},"536":{"start":{"line":537,"column":0},"end":{"line":537,"column":33}},"537":{"start":{"line":538,"column":0},"end":{"line":538,"column":25}},"538":{"start":{"line":539,"column":0},"end":{"line":539,"column":35}},"539":{"start":{"line":540,"column":0},"end":{"line":540,"column":33}},"541":{"start":{"line":542,"column":0},"end":{"line":542,"column":19}},"542":{"start":{"line":543,"column":0},"end":{"line":543,"column":37}},"543":{"start":{"line":544,"column":0},"end":{"line":544,"column":38}},"544":{"start":{"line":545,"column":0},"end":{"line":545,"column":31}},"545":{"start":{"line":546,"column":0},"end":{"line":546,"column":40}},"546":{"start":{"line":547,"column":0},"end":{"line":547,"column":16}},"547":{"start":{"line":548,"column":0},"end":{"line":548,"column":18}},"548":{"start":{"line":549,"column":0},"end":{"line":549,"column":19}},"549":{"start":{"line":550,"column":0},"end":{"line":550,"column":14}},"552":{"start":{"line":553,"column":0},"end":{"line":553,"column":12}},"553":{"start":{"line":554,"column":0},"end":{"line":554,"column":36}},"554":{"start":{"line":555,"column":0},"end":{"line":555,"column":72}},"556":{"start":{"line":557,"column":0},"end":{"line":557,"column":38}},"557":{"start":{"line":558,"column":0},"end":{"line":558,"column":16}},"558":{"start":{"line":559,"column":0},"end":{"line":559,"column":30}},"559":{"start":{"line":560,"column":0},"end":{"line":560,"column":30}},"560":{"start":{"line":561,"column":0},"end":{"line":561,"column":38}},"561":{"start":{"line":562,"column":0},"end":{"line":562,"column":100}},"562":{"start":{"line":563,"column":0},"end":{"line":563,"column":16}},"564":{"start":{"line":565,"column":0},"end":{"line":565,"column":18}},"565":{"start":{"line":566,"column":0},"end":{"line":566,"column":32}},"566":{"start":{"line":567,"column":0},"end":{"line":567,"column":58}},"567":{"start":{"line":568,"column":0},"end":{"line":568,"column":43}},"568":{"start":{"line":569,"column":0},"end":{"line":569,"column":53}},"569":{"start":{"line":570,"column":0},"end":{"line":570,"column":89}},"570":{"start":{"line":571,"column":0},"end":{"line":571,"column":18}},"572":{"start":{"line":573,"column":0},"end":{"line":573,"column":30}},"573":{"start":{"line":574,"column":0},"end":{"line":574,"column":20}},"574":{"start":{"line":575,"column":0},"end":{"line":575,"column":18}},"575":{"start":{"line":576,"column":0},"end":{"line":576,"column":13}},"578":{"start":{"line":579,"column":0},"end":{"line":579,"column":47}},"579":{"start":{"line":580,"column":0},"end":{"line":580,"column":48}},"580":{"start":{"line":581,"column":0},"end":{"line":581,"column":18}},"581":{"start":{"line":582,"column":0},"end":{"line":582,"column":40}},"582":{"start":{"line":583,"column":0},"end":{"line":583,"column":149}},"584":{"start":{"line":585,"column":0},"end":{"line":585,"column":48}},"585":{"start":{"line":586,"column":0},"end":{"line":586,"column":84}},"586":{"start":{"line":587,"column":0},"end":{"line":587,"column":84}},"587":{"start":{"line":588,"column":0},"end":{"line":588,"column":84}},"588":{"start":{"line":589,"column":0},"end":{"line":589,"column":22}},"589":{"start":{"line":590,"column":0},"end":{"line":590,"column":20}},"590":{"start":{"line":591,"column":0},"end":{"line":591,"column":18}},"592":{"start":{"line":593,"column":0},"end":{"line":593,"column":38}},"593":{"start":{"line":594,"column":0},"end":{"line":594,"column":14}},"596":{"start":{"line":597,"column":0},"end":{"line":597,"column":81}},"597":{"start":{"line":598,"column":0},"end":{"line":598,"column":42}},"598":{"start":{"line":599,"column":0},"end":{"line":599,"column":18}},"599":{"start":{"line":600,"column":0},"end":{"line":600,"column":28}},"600":{"start":{"line":601,"column":0},"end":{"line":601,"column":25}},"601":{"start":{"line":602,"column":0},"end":{"line":602,"column":32}},"602":{"start":{"line":603,"column":0},"end":{"line":603,"column":61}},"603":{"start":{"line":604,"column":0},"end":{"line":604,"column":41}},"604":{"start":{"line":605,"column":0},"end":{"line":605,"column":39}},"605":{"start":{"line":606,"column":0},"end":{"line":606,"column":192}},"606":{"start":{"line":607,"column":0},"end":{"line":607,"column":14}},"607":{"start":{"line":608,"column":0},"end":{"line":608,"column":19}},"608":{"start":{"line":609,"column":0},"end":{"line":609,"column":59}},"609":{"start":{"line":610,"column":0},"end":{"line":610,"column":43}},"610":{"start":{"line":611,"column":0},"end":{"line":611,"column":163}},"611":{"start":{"line":612,"column":0},"end":{"line":612,"column":39}},"613":{"start":{"line":614,"column":0},"end":{"line":614,"column":18}},"614":{"start":{"line":615,"column":0},"end":{"line":615,"column":35}},"615":{"start":{"line":616,"column":0},"end":{"line":616,"column":27}},"616":{"start":{"line":617,"column":0},"end":{"line":617,"column":37}},"617":{"start":{"line":618,"column":0},"end":{"line":618,"column":35}},"619":{"start":{"line":620,"column":0},"end":{"line":620,"column":21}},"620":{"start":{"line":621,"column":0},"end":{"line":621,"column":39}},"621":{"start":{"line":622,"column":0},"end":{"line":622,"column":40}},"622":{"start":{"line":623,"column":0},"end":{"line":623,"column":33}},"623":{"start":{"line":624,"column":0},"end":{"line":624,"column":54}},"624":{"start":{"line":625,"column":0},"end":{"line":625,"column":18}},"625":{"start":{"line":626,"column":0},"end":{"line":626,"column":20}},"626":{"start":{"line":627,"column":0},"end":{"line":627,"column":21}},"627":{"start":{"line":628,"column":0},"end":{"line":628,"column":16}},"628":{"start":{"line":629,"column":0},"end":{"line":629,"column":14}},"629":{"start":{"line":630,"column":0},"end":{"line":630,"column":12}},"632":{"start":{"line":633,"column":0},"end":{"line":633,"column":13}},"633":{"start":{"line":634,"column":0},"end":{"line":634,"column":31}},"634":{"start":{"line":635,"column":0},"end":{"line":635,"column":30}},"635":{"start":{"line":636,"column":0},"end":{"line":636,"column":40}},"636":{"start":{"line":637,"column":0},"end":{"line":637,"column":40}},"637":{"start":{"line":638,"column":0},"end":{"line":638,"column":172}},"638":{"start":{"line":639,"column":0},"end":{"line":639,"column":56}},"641":{"start":{"line":642,"column":0},"end":{"line":642,"column":12}},"642":{"start":{"line":643,"column":0},"end":{"line":643,"column":27}},"643":{"start":{"line":644,"column":0},"end":{"line":644,"column":38}},"644":{"start":{"line":645,"column":0},"end":{"line":645,"column":21}},"645":{"start":{"line":646,"column":0},"end":{"line":646,"column":31}},"646":{"start":{"line":647,"column":0},"end":{"line":647,"column":29}},"648":{"start":{"line":649,"column":0},"end":{"line":649,"column":15}},"649":{"start":{"line":650,"column":0},"end":{"line":650,"column":33}},"650":{"start":{"line":651,"column":0},"end":{"line":651,"column":34}},"651":{"start":{"line":652,"column":0},"end":{"line":652,"column":27}},"652":{"start":{"line":653,"column":0},"end":{"line":653,"column":173}},"653":{"start":{"line":654,"column":0},"end":{"line":654,"column":12}},"654":{"start":{"line":655,"column":0},"end":{"line":655,"column":14}},"657":{"start":{"line":658,"column":0},"end":{"line":658,"column":12}},"658":{"start":{"line":659,"column":0},"end":{"line":659,"column":28}},"659":{"start":{"line":660,"column":0},"end":{"line":660,"column":38}},"660":{"start":{"line":661,"column":0},"end":{"line":661,"column":21}},"661":{"start":{"line":662,"column":0},"end":{"line":662,"column":31}},"662":{"start":{"line":663,"column":0},"end":{"line":663,"column":29}},"664":{"start":{"line":665,"column":0},"end":{"line":665,"column":15}},"665":{"start":{"line":666,"column":0},"end":{"line":666,"column":33}},"666":{"start":{"line":667,"column":0},"end":{"line":667,"column":34}},"667":{"start":{"line":668,"column":0},"end":{"line":668,"column":27}},"668":{"start":{"line":669,"column":0},"end":{"line":669,"column":36}},"669":{"start":{"line":670,"column":0},"end":{"line":670,"column":12}},"670":{"start":{"line":671,"column":0},"end":{"line":671,"column":14}},"671":{"start":{"line":672,"column":0},"end":{"line":672,"column":15}},"672":{"start":{"line":673,"column":0},"end":{"line":673,"column":10}},"674":{"start":{"line":675,"column":0},"end":{"line":675,"column":2}},"676":{"start":{"line":677,"column":0},"end":{"line":677,"column":28}}},"s":{"0":1,"7":1,"8":1,"9":1,"10":1,"11":1,"12":1,"13":1,"14":1,"15":1,"16":1,"17":1,"19":1,"20":96,"21":96,"22":96,"23":96,"24":96,"25":96,"26":96,"27":96,"28":96,"29":96,"30":96,"31":96,"32":96,"33":96,"34":96,"35":96,"36":96,"39":96,"40":96,"41":96,"42":96,"43":96,"44":96,"45":96,"46":96,"47":96,"49":96,"50":96,"51":96,"54":96,"55":24,"56":96,"59":96,"60":96,"62":96,"63":72,"64":72,"66":72,"67":72,"68":72,"69":72,"70":72,"71":72,"72":0,"73":72,"74":72,"75":72,"78":96,"79":72,"80":72,"81":72,"82":72,"85":72,"86":72,"87":72,"88":72,"89":72,"90":72,"91":72,"92":72,"95":96,"96":72,"97":72,"98":72,"99":72,"100":72,"101":72,"102":72,"103":72,"104":72,"105":72,"106":72,"109":96,"110":5,"111":5,"112":5,"113":5,"114":5,"115":5,"117":5,"118":5,"119":5,"120":5,"121":5,"122":5,"123":5,"124":5,"125":5,"126":5,"127":5,"128":5,"129":5,"130":5,"131":5,"132":5,"133":5,"134":96,"135":96,"136":96,"139":96,"140":96,"141":96,"143":96,"145":64,"148":64,"149":64,"150":64,"152":64,"153":64,"154":64,"156":64,"157":64,"158":64,"159":64,"160":64,"161":64,"162":64,"163":64,"166":64,"167":64,"168":64,"169":64,"170":64,"171":64,"172":64,"173":64,"175":64,"176":64,"177":64,"178":64,"179":64,"180":64,"181":64,"182":64,"184":64,"185":64,"186":64,"187":64,"188":64,"189":64,"190":64,"191":64,"192":96,"194":8,"195":8,"196":8,"198":8,"199":8,"200":0,"201":0,"202":8,"204":8,"205":8,"206":8,"207":8,"208":8,"209":8,"210":8,"211":8,"213":8,"214":8,"215":8,"216":8,"217":8,"218":8,"219":8,"220":8,"222":8,"223":8,"224":8,"225":8,"226":8,"227":8,"228":8,"229":8,"231":8,"232":8,"233":8,"234":8,"235":8,"236":8,"237":8,"238":8,"239":96,"240":96,"241":96,"244":96,"245":96,"246":96,"248":72,"250":96,"252":64,"253":64,"254":64,"255":64,"256":64,"257":64,"258":64,"259":64,"260":64,"261":64,"262":64,"263":64,"264":64,"265":64,"266":96,"268":8,"269":8,"270":8,"271":8,"272":8,"273":8,"274":8,"275":8,"276":8,"277":8,"278":8,"279":8,"280":8,"281":8,"282":8,"283":96,"284":96,"285":96,"288":96,"289":96,"290":96,"292":72,"293":72,"294":72,"295":96,"296":0,"297":0,"299":0,"300":0,"301":0,"302":0,"303":0,"304":0,"305":0,"306":0,"307":0,"308":0,"309":0,"310":0,"311":0,"312":0,"313":0,"314":0,"315":0,"316":0,"317":96,"318":96,"319":96,"322":96,"323":96,"324":96,"325":96,"326":864,"327":864,"328":864,"329":864,"330":864,"331":864,"332":96,"333":96,"334":96,"337":96,"338":24,"339":24,"340":24,"341":24,"342":24,"343":24,"344":24,"345":24,"346":24,"347":24,"348":96,"351":96,"352":25,"354":17,"355":0,"356":0,"357":0,"359":0,"360":0,"361":0,"362":0,"363":0,"364":0,"365":0,"366":0,"367":0,"368":0,"369":0,"370":0,"371":17,"373":17,"374":17,"375":96,"378":96,"379":60,"380":60,"381":60,"382":60,"383":60,"384":60,"385":60,"386":96,"389":96,"390":25,"391":17,"392":0,"393":17,"394":17,"395":96,"397":96,"398":2,"401":2,"402":2,"403":2,"404":2,"405":2,"406":2,"407":0,"408":0,"409":0,"410":0,"411":0,"412":0,"413":2,"414":2,"416":2,"417":1,"418":1,"419":2,"420":96,"422":96,"423":7,"425":7,"426":7,"427":7,"428":7,"429":7,"430":7,"432":7,"433":7,"436":7,"437":7,"438":7,"439":7,"440":7,"441":7,"442":7,"443":7,"444":7,"445":7,"446":7,"447":7,"448":7,"450":7,"451":7,"452":7,"453":7,"454":6,"455":6,"456":6,"457":6,"458":6,"459":6,"460":6,"461":7,"462":1,"463":1,"464":1,"465":1,"466":1,"467":1,"468":1,"469":1,"470":1,"471":1,"472":7,"473":7,"474":7,"475":7,"476":96,"478":96,"479":36,"480":1,"481":1,"482":1,"483":36,"486":96,"487":0,"488":0,"489":0,"490":0,"491":0,"492":0,"493":0,"494":96,"496":96,"497":0,"498":0,"499":0,"500":0,"501":0,"502":0,"503":0,"504":96,"506":96,"507":96,"508":96,"509":96,"510":96,"511":96,"513":96,"514":96,"515":96,"516":96,"517":96,"518":96,"519":96,"520":96,"523":96,"524":96,"525":96,"528":96,"529":96,"530":96,"531":96,"532":96,"533":96,"535":96,"536":96,"537":96,"538":96,"539":96,"541":96,"542":96,"543":96,"544":96,"545":96,"546":96,"547":96,"548":96,"549":96,"552":96,"553":96,"554":96,"556":96,"557":89,"558":89,"559":89,"560":89,"561":89,"562":89,"564":89,"565":89,"566":89,"567":89,"568":12,"569":77,"570":89,"572":89,"573":89,"574":89,"575":96,"578":96,"579":7,"580":7,"581":7,"582":7,"584":7,"585":7,"586":7,"587":7,"588":7,"589":7,"590":7,"592":96,"593":96,"596":96,"597":96,"598":96,"599":96,"600":96,"601":96,"602":96,"603":96,"604":96,"605":96,"606":96,"607":96,"608":96,"609":96,"610":96,"611":96,"613":96,"614":96,"615":96,"616":96,"617":96,"619":96,"620":96,"621":96,"622":96,"623":96,"624":96,"625":96,"626":96,"627":96,"628":96,"629":96,"632":96,"633":96,"634":96,"635":96,"636":96,"637":96,"638":96,"641":96,"642":96,"643":96,"644":96,"645":96,"646":96,"648":96,"649":96,"650":96,"651":96,"652":96,"653":96,"654":96,"657":96,"658":96,"659":96,"660":96,"661":96,"662":96,"664":96,"665":96,"666":96,"667":96,"668":96,"669":96,"670":96,"671":96,"672":96,"674":96,"676":1},"branchMap":{"0":{"type":"branch","line":20,"loc":{"start":{"line":20,"column":52},"end":{"line":675,"column":2}},"locations":[{"start":{"line":20,"column":52},"end":{"line":675,"column":2}}]},"1":{"type":"branch","line":51,"loc":{"start":{"line":51,"column":25},"end":{"line":51,"column":56}},"locations":[{"start":{"line":51,"column":25},"end":{"line":51,"column":56}}]},"2":{"type":"branch","line":51,"loc":{"start":{"line":51,"column":37},"end":{"line":51,"column":71}},"locations":[{"start":{"line":51,"column":37},"end":{"line":51,"column":71}}]},"3":{"type":"branch","line":579,"loc":{"start":{"line":579,"column":11},"end":{"line":579,"column":47}},"locations":[{"start":{"line":579,"column":11},"end":{"line":579,"column":47}}]},"4":{"type":"branch","line":579,"loc":{"start":{"line":579,"column":23},"end":{"line":591,"column":18}},"locations":[{"start":{"line":579,"column":23},"end":{"line":591,"column":18}}]},"5":{"type":"branch","line":639,"loc":{"start":{"line":639,"column":20},"end":{"line":639,"column":44}},"locations":[{"start":{"line":639,"column":20},"end":{"line":639,"column":44}}]},"6":{"type":"branch","line":639,"loc":{"start":{"line":639,"column":29},"end":{"line":639,"column":56}},"locations":[{"start":{"line":639,"column":29},"end":{"line":639,"column":56}}]},"7":{"type":"branch","line":55,"loc":{"start":{"line":55,"column":12},"end":{"line":57,"column":5}},"locations":[{"start":{"line":55,"column":12},"end":{"line":57,"column":5}}]},"8":{"type":"branch","line":61,"loc":{"start":{"line":61,"column":4},"end":{"line":135,"column":6}},"locations":[{"start":{"line":61,"column":4},"end":{"line":135,"column":6}}]},"9":{"type":"branch","line":63,"loc":{"start":{"line":63,"column":36},"end":{"line":76,"column":7}},"locations":[{"start":{"line":63,"column":36},"end":{"line":76,"column":7}}]},"10":{"type":"branch","line":70,"loc":{"start":{"line":70,"column":24},"end":{"line":70,"column":33}},"locations":[{"start":{"line":70,"column":24},"end":{"line":70,"column":33}}]},"11":{"type":"branch","line":72,"loc":{"start":{"line":72,"column":24},"end":{"line":72,"column":44}},"locations":[{"start":{"line":72,"column":24},"end":{"line":72,"column":44}}]},"12":{"type":"branch","line":72,"loc":{"start":{"line":72,"column":34},"end":{"line":72,"column":50}},"locations":[{"start":{"line":72,"column":34},"end":{"line":72,"column":50}}]},"13":{"type":"branch","line":72,"loc":{"start":{"line":72,"column":50},"end":{"line":73,"column":50}},"locations":[{"start":{"line":72,"column":50},"end":{"line":73,"column":50}}]},"14":{"type":"branch","line":79,"loc":{"start":{"line":79,"column":37},"end":{"line":93,"column":7}},"locations":[{"start":{"line":79,"column":37},"end":{"line":93,"column":7}}]},"15":{"type":"branch","line":96,"loc":{"start":{"line":96,"column":22},"end":{"line":96,"column":55}},"locations":[{"start":{"line":96,"column":22},"end":{"line":96,"column":55}}]},"16":{"type":"branch","line":96,"loc":{"start":{"line":96,"column":55},"end":{"line":107,"column":7}},"locations":[{"start":{"line":96,"column":55},"end":{"line":107,"column":7}}]},"17":{"type":"branch","line":110,"loc":{"start":{"line":110,"column":38},"end":{"line":134,"column":7}},"locations":[{"start":{"line":110,"column":38},"end":{"line":134,"column":7}}]},"18":{"type":"branch","line":141,"loc":{"start":{"line":141,"column":4},"end":{"line":240,"column":6}},"locations":[{"start":{"line":141,"column":4},"end":{"line":240,"column":6}}]},"19":{"type":"branch","line":142,"loc":{"start":{"line":142,"column":37},"end":{"line":142,"column":44}},"locations":[{"start":{"line":142,"column":37},"end":{"line":142,"column":44}}]},"20":{"type":"branch","line":142,"loc":{"start":{"line":142,"column":37},"end":{"line":144,"column":18}},"locations":[{"start":{"line":142,"column":37},"end":{"line":144,"column":18}}]},"21":{"type":"branch","line":144,"loc":{"start":{"line":144,"column":18},"end":{"line":193,"column":13}},"locations":[{"start":{"line":144,"column":18},"end":{"line":193,"column":13}}]},"22":{"type":"branch","line":193,"loc":{"start":{"line":193,"column":6},"end":{"line":239,"column":7}},"locations":[{"start":{"line":193,"column":6},"end":{"line":239,"column":7}}]},"23":{"type":"branch","line":235,"loc":{"start":{"line":235,"column":43},"end":{"line":235,"column":52}},"locations":[{"start":{"line":235,"column":43},"end":{"line":235,"column":52}}]},"24":{"type":"branch","line":246,"loc":{"start":{"line":246,"column":4},"end":{"line":284,"column":6}},"locations":[{"start":{"line":246,"column":4},"end":{"line":284,"column":6}}]},"25":{"type":"branch","line":247,"loc":{"start":{"line":247,"column":23},"end":{"line":247,"column":57}},"locations":[{"start":{"line":247,"column":23},"end":{"line":247,"column":57}}]},"26":{"type":"branch","line":247,"loc":{"start":{"line":247,"column":57},"end":{"line":247,"column":64}},"locations":[{"start":{"line":247,"column":57},"end":{"line":247,"column":64}}]},"27":{"type":"branch","line":247,"loc":{"start":{"line":247,"column":57},"end":{"line":251,"column":18}},"locations":[{"start":{"line":247,"column":57},"end":{"line":251,"column":18}}]},"28":{"type":"branch","line":251,"loc":{"start":{"line":251,"column":18},"end":{"line":267,"column":13}},"locations":[{"start":{"line":251,"column":18},"end":{"line":267,"column":13}}]},"29":{"type":"branch","line":267,"loc":{"start":{"line":267,"column":6},"end":{"line":283,"column":7}},"locations":[{"start":{"line":267,"column":6},"end":{"line":283,"column":7}}]},"30":{"type":"branch","line":290,"loc":{"start":{"line":290,"column":4},"end":{"line":318,"column":6}},"locations":[{"start":{"line":290,"column":4},"end":{"line":318,"column":6}}]},"31":{"type":"branch","line":291,"loc":{"start":{"line":291,"column":41},"end":{"line":291,"column":48}},"locations":[{"start":{"line":291,"column":41},"end":{"line":291,"column":48}}]},"32":{"type":"branch","line":291,"loc":{"start":{"line":291,"column":41},"end":{"line":296,"column":38}},"locations":[{"start":{"line":291,"column":41},"end":{"line":296,"column":38}}]},"33":{"type":"branch","line":296,"loc":{"start":{"line":296,"column":38},"end":{"line":317,"column":7}},"locations":[{"start":{"line":296,"column":38},"end":{"line":317,"column":7}}]},"34":{"type":"branch","line":323,"loc":{"start":{"line":323,"column":12},"end":{"line":335,"column":5}},"locations":[{"start":{"line":323,"column":12},"end":{"line":335,"column":5}}]},"35":{"type":"branch","line":326,"loc":{"start":{"line":326,"column":42},"end":{"line":333,"column":7}},"locations":[{"start":{"line":326,"column":42},"end":{"line":333,"column":7}}]},"36":{"type":"branch","line":338,"loc":{"start":{"line":338,"column":12},"end":{"line":349,"column":5}},"locations":[{"start":{"line":338,"column":12},"end":{"line":349,"column":5}}]},"37":{"type":"branch","line":352,"loc":{"start":{"line":352,"column":12},"end":{"line":376,"column":5}},"locations":[{"start":{"line":352,"column":12},"end":{"line":376,"column":5}}]},"38":{"type":"branch","line":353,"loc":{"start":{"line":353,"column":8},"end":{"line":353,"column":44}},"locations":[{"start":{"line":353,"column":8},"end":{"line":353,"column":44}}]},"39":{"type":"branch","line":353,"loc":{"start":{"line":353,"column":44},"end":{"line":375,"column":5}},"locations":[{"start":{"line":353,"column":44},"end":{"line":375,"column":5}}]},"40":{"type":"branch","line":374,"loc":{"start":{"line":374,"column":13},"end":{"line":374,"column":39}},"locations":[{"start":{"line":374,"column":13},"end":{"line":374,"column":39}}]},"41":{"type":"branch","line":379,"loc":{"start":{"line":379,"column":12},"end":{"line":387,"column":5}},"locations":[{"start":{"line":379,"column":12},"end":{"line":387,"column":5}}]},"42":{"type":"branch","line":390,"loc":{"start":{"line":390,"column":12},"end":{"line":396,"column":5}},"locations":[{"start":{"line":390,"column":12},"end":{"line":396,"column":5}}]},"43":{"type":"branch","line":391,"loc":{"start":{"line":391,"column":8},"end":{"line":391,"column":36}},"locations":[{"start":{"line":391,"column":8},"end":{"line":391,"column":36}}]},"44":{"type":"branch","line":391,"loc":{"start":{"line":391,"column":36},"end":{"line":395,"column":5}},"locations":[{"start":{"line":391,"column":36},"end":{"line":395,"column":5}}]},"45":{"type":"branch","line":398,"loc":{"start":{"line":398,"column":35},"end":{"line":421,"column":5}},"locations":[{"start":{"line":398,"column":35},"end":{"line":421,"column":5}}]},"46":{"type":"branch","line":417,"loc":{"start":{"line":417,"column":40},"end":{"line":419,"column":5}},"locations":[{"start":{"line":417,"column":40},"end":{"line":419,"column":5}}]},"47":{"type":"branch","line":420,"loc":{"start":{"line":420,"column":4},"end":{"line":420,"column":26}},"locations":[{"start":{"line":420,"column":4},"end":{"line":420,"column":26}}]},"48":{"type":"branch","line":423,"loc":{"start":{"line":423,"column":40},"end":{"line":477,"column":3}},"locations":[{"start":{"line":423,"column":40},"end":{"line":477,"column":3}}]},"49":{"type":"branch","line":424,"loc":{"start":{"line":424,"column":22},"end":{"line":424,"column":29}},"locations":[{"start":{"line":424,"column":22},"end":{"line":424,"column":29}}]},"50":{"type":"branch","line":454,"loc":{"start":{"line":454,"column":52},"end":{"line":462,"column":15}},"locations":[{"start":{"line":454,"column":52},"end":{"line":462,"column":15}}]},"51":{"type":"branch","line":462,"loc":{"start":{"line":462,"column":6},"end":{"line":473,"column":8}},"locations":[{"start":{"line":462,"column":6},"end":{"line":473,"column":8}}]},"52":{"type":"branch","line":433,"loc":{"start":{"line":433,"column":16},"end":{"line":433,"column":74}},"locations":[{"start":{"line":433,"column":16},"end":{"line":433,"column":74}}]},"53":{"type":"branch","line":461,"loc":{"start":{"line":461,"column":20},"end":{"line":461,"column":77}},"locations":[{"start":{"line":461,"column":20},"end":{"line":461,"column":77}}]},"54":{"type":"branch","line":469,"loc":{"start":{"line":469,"column":20},"end":{"line":472,"column":9}},"locations":[{"start":{"line":469,"column":20},"end":{"line":472,"column":9}}]},"55":{"type":"branch","line":479,"loc":{"start":{"line":479,"column":25},"end":{"line":484,"column":4}},"locations":[{"start":{"line":479,"column":25},"end":{"line":484,"column":4}}]},"56":{"type":"branch","line":480,"loc":{"start":{"line":480,"column":18},"end":{"line":480,"column":42}},"locations":[{"start":{"line":480,"column":18},"end":{"line":480,"column":42}}]},"57":{"type":"branch","line":480,"loc":{"start":{"line":480,"column":42},"end":{"line":483,"column":5}},"locations":[{"start":{"line":480,"column":42},"end":{"line":483,"column":5}}]},"58":{"type":"branch","line":557,"loc":{"start":{"line":557,"column":24},"end":{"line":575,"column":18}},"locations":[{"start":{"line":557,"column":24},"end":{"line":575,"column":18}}]},"59":{"type":"branch","line":562,"loc":{"start":{"line":562,"column":35},"end":{"line":562,"column":73}},"locations":[{"start":{"line":562,"column":35},"end":{"line":562,"column":73}}]},"60":{"type":"branch","line":562,"loc":{"start":{"line":562,"column":44},"end":{"line":562,"column":100}},"locations":[{"start":{"line":562,"column":44},"end":{"line":562,"column":100}}]},"61":{"type":"branch","line":568,"loc":{"start":{"line":568,"column":37},"end":{"line":569,"column":53}},"locations":[{"start":{"line":568,"column":37},"end":{"line":569,"column":53}}]},"62":{"type":"branch","line":569,"loc":{"start":{"line":569,"column":22},"end":{"line":570,"column":89}},"locations":[{"start":{"line":569,"column":22},"end":{"line":570,"column":89}}]},"63":{"type":"branch","line":603,"loc":{"start":{"line":603,"column":24},"end":{"line":603,"column":61}},"locations":[{"start":{"line":603,"column":24},"end":{"line":603,"column":61}}]},"64":{"type":"branch","line":609,"loc":{"start":{"line":609,"column":23},"end":{"line":609,"column":59}},"locations":[{"start":{"line":609,"column":23},"end":{"line":609,"column":59}}]}},"b":{"0":[96],"1":[79],"2":[17],"3":[7],"4":[7],"5":[80],"6":[16],"7":[24],"8":[96],"9":[72],"10":[0],"11":[71],"12":[1],"13":[0],"14":[72],"15":[72],"16":[72],"17":[5],"18":[96],"19":[24],"20":[72],"21":[64],"22":[8],"23":[0],"24":[96],"25":[72],"26":[24],"27":[72],"28":[64],"29":[8],"30":[96],"31":[24],"32":[72],"33":[0],"34":[96],"35":[864],"36":[24],"37":[25],"38":[17],"39":[17],"40":[17],"41":[60],"42":[25],"43":[17],"44":[17],"45":[2],"46":[1],"47":[1],"48":[7],"49":[0],"50":[6],"51":[1],"52":[7],"53":[4],"54":[1],"55":[36],"56":[1],"57":[1],"58":[89],"59":[12],"60":[77],"61":[12],"62":[77],"63":[35],"64":[6]},"fnMap":{"0":{"name":"ReactChatbot","decl":{"start":{"line":20,"column":52},"end":{"line":675,"column":2}},"loc":{"start":{"line":20,"column":52},"end":{"line":675,"column":2}},"line":20},"1":{"name":"ReactChatbot.__vite_ssr_import_4__.useGSAP.scope","decl":{"start":{"line":61,"column":4},"end":{"line":135,"column":6}},"loc":{"start":{"line":61,"column":4},"end":{"line":135,"column":6}},"line":61},"2":{"name":"ReactChatbot.__vite_ssr_import_4__.useGSAP.dependencies","decl":{"start":{"line":141,"column":4},"end":{"line":240,"column":6}},"loc":{"start":{"line":141,"column":4},"end":{"line":240,"column":6}},"line":141},"3":{"name":"onComplete","decl":{"start":{"line":200,"column":22},"end":{"line":202,"column":11}},"loc":{"start":{"line":200,"column":22},"end":{"line":202,"column":11}},"line":200},"4":{"name":"ReactChatbot.__vite_ssr_import_4__.useGSAP.dependencies","decl":{"start":{"line":246,"column":4},"end":{"line":284,"column":6}},"loc":{"start":{"line":246,"column":4},"end":{"line":284,"column":6}},"line":246},"5":{"name":"ReactChatbot.__vite_ssr_import_4__.useGSAP.dependencies","decl":{"start":{"line":290,"column":4},"end":{"line":318,"column":6}},"loc":{"start":{"line":290,"column":4},"end":{"line":318,"column":6}},"line":290},"6":{"name":"onComplete","decl":{"start":{"line":407,"column":20},"end":{"line":413,"column":9}},"loc":{"start":{"line":407,"column":20},"end":{"line":413,"column":9}},"line":407},"7":{"name":"handleKeyPress","decl":{"start":{"line":479,"column":25},"end":{"line":484,"column":4}},"loc":{"start":{"line":479,"column":25},"end":{"line":484,"column":4}},"line":479},"8":{"name":"onChange","decl":{"start":{"line":603,"column":24},"end":{"line":603,"column":61}},"loc":{"start":{"line":603,"column":24},"end":{"line":603,"column":61}},"line":603},"9":{"name":"onClick","decl":{"start":{"line":609,"column":23},"end":{"line":609,"column":59}},"loc":{"start":{"line":609,"column":23},"end":{"line":609,"column":59}},"line":609}},"f":{"0":96,"1":96,"2":96,"3":0,"4":96,"5":96,"6":0,"7":36,"8":35,"9":6}}
,"/Users/chourio/workspace/plugins/react-chatbot-component/src/index.ts": {"path":"/Users/chourio/workspace/plugins/react-chatbot-component/src/index.ts","all":true,"statementMap":{"0":{"start":{"line":1,"column":0},"end":{"line":1,"column":15}},"20":{"start":{"line":21,"column":0},"end":{"line":21,"column":47}},"21":{"start":{"line":22,"column":0},"end":{"line":22,"column":20}},"22":{"start":{"line":23,"column":0},"end":{"line":23,"column":37}},"24":{"start":{"line":25,"column":0},"end":{"line":25,"column":17}},"25":{"start":{"line":26,"column":0},"end":{"line":26,"column":12}},"26":{"start":{"line":27,"column":0},"end":{"line":27,"column":40}},"27":{"start":{"line":28,"column":0},"end":{"line":28,"column":3}},"29":{"start":{"line":30,"column":0},"end":{"line":30,"column":35}},"30":{"start":{"line":31,"column":0},"end":{"line":31,"column":76}},"31":{"start":{"line":32,"column":0},"end":{"line":32,"column":3}},"33":{"start":{"line":34,"column":0},"end":{"line":34,"column":79}},"34":{"start":{"line":35,"column":0},"end":{"line":35,"column":32}},"35":{"start":{"line":36,"column":0},"end":{"line":36,"column":26}},"36":{"start":{"line":37,"column":0},"end":{"line":37,"column":20}},"37":{"start":{"line":38,"column":0},"end":{"line":38,"column":5}},"38":{"start":{"line":39,"column":0},"end":{"line":39,"column":3}},"40":{"start":{"line":41,"column":0},"end":{"line":41,"column":23}},"41":{"start":{"line":42,"column":0},"end":{"line":42,"column":24}},"42":{"start":{"line":43,"column":0},"end":{"line":43,"column":18}},"43":{"start":{"line":44,"column":0},"end":{"line":44,"column":3}},"45":{"start":{"line":46,"column":0},"end":{"line":46,"column":26}},"46":{"start":{"line":47,"column":0},"end":{"line":47,"column":20}},"47":{"start":{"line":48,"column":0},"end":{"line":48,"column":26}},"48":{"start":{"line":49,"column":0},"end":{"line":49,"column":5}},"49":{"start":{"line":50,"column":0},"end":{"line":50,"column":3}},"51":{"start":{"line":52,"column":0},"end":{"line":52,"column":26}},"52":{"start":{"line":53,"column":0},"end":{"line":53,"column":19}},"53":{"start":{"line":54,"column":0},"end":{"line":54,"column":53}},"54":{"start":{"line":55,"column":0},"end":{"line":55,"column":72}},"55":{"start":{"line":56,"column":0},"end":{"line":56,"column":65}},"56":{"start":{"line":57,"column":0},"end":{"line":57,"column":73}},"57":{"start":{"line":58,"column":0},"end":{"line":58,"column":39}},"58":{"start":{"line":59,"column":0},"end":{"line":59,"column":49}},"59":{"start":{"line":60,"column":0},"end":{"line":60,"column":20}},"60":{"start":{"line":61,"column":0},"end":{"line":61,"column":44}},"61":{"start":{"line":62,"column":0},"end":{"line":62,"column":6}},"62":{"start":{"line":63,"column":0},"end":{"line":63,"column":3}},"64":{"start":{"line":65,"column":0},"end":{"line":65,"column":61}},"66":{"start":{"line":67,"column":0},"end":{"line":67,"column":54}},"67":{"start":{"line":68,"column":0},"end":{"line":68,"column":26}},"68":{"start":{"line":69,"column":0},"end":{"line":69,"column":20}},"69":{"start":{"line":70,"column":0},"end":{"line":70,"column":21}},"70":{"start":{"line":71,"column":0},"end":{"line":71,"column":7}},"71":{"start":{"line":72,"column":0},"end":{"line":72,"column":30}},"74":{"start":{"line":75,"column":0},"end":{"line":75,"column":49}},"75":{"start":{"line":76,"column":0},"end":{"line":76,"column":3}},"77":{"start":{"line":78,"column":0},"end":{"line":78,"column":20}},"78":{"start":{"line":79,"column":0},"end":{"line":79,"column":33}},"81":{"start":{"line":82,"column":0},"end":{"line":82,"column":52}},"82":{"start":{"line":83,"column":0},"end":{"line":83,"column":35}},"85":{"start":{"line":86,"column":0},"end":{"line":86,"column":50}},"86":{"start":{"line":87,"column":0},"end":{"line":87,"column":25}},"89":{"start":{"line":90,"column":0},"end":{"line":90,"column":70}},"90":{"start":{"line":91,"column":0},"end":{"line":91,"column":74}},"91":{"start":{"line":92,"column":0},"end":{"line":92,"column":68}},"92":{"start":{"line":93,"column":0},"end":{"line":93,"column":76}},"93":{"start":{"line":94,"column":0},"end":{"line":94,"column":70}},"94":{"start":{"line":95,"column":0},"end":{"line":95,"column":64}},"96":{"start":{"line":97,"column":0},"end":{"line":97,"column":55}},"97":{"start":{"line":98,"column":0},"end":{"line":98,"column":10}},"98":{"start":{"line":99,"column":0},"end":{"line":99,"column":68}},"99":{"start":{"line":100,"column":0},"end":{"line":100,"column":78}},"103":{"start":{"line":104,"column":0},"end":{"line":104,"column":39}},"104":{"start":{"line":105,"column":0},"end":{"line":105,"column":43}},"107":{"start":{"line":108,"column":0},"end":{"line":108,"column":21}},"108":{"start":{"line":109,"column":0},"end":{"line":109,"column":40}},"109":{"start":{"line":110,"column":0},"end":{"line":110,"column":5}},"111":{"start":{"line":112,"column":0},"end":{"line":112,"column":69}},"112":{"start":{"line":113,"column":0},"end":{"line":113,"column":3}},"113":{"start":{"line":114,"column":0},"end":{"line":114,"column":1}},"116":{"start":{"line":117,"column":0},"end":{"line":117,"column":76}},"117":{"start":{"line":118,"column":0},"end":{"line":118,"column":62}},"118":{"start":{"line":119,"column":0},"end":{"line":119,"column":1}}},"s":{"0":0,"20":0,"21":0,"22":0,"24":0,"25":0,"26":0,"27":0,"29":0,"30":0,"31":0,"33":0,"34":0,"35":0,"36":0,"37":0,"38":0,"40":0,"41":0,"42":0,"43":0,"45":0,"46":0,"47":0,"48":0,"49":0,"51":0,"52":0,"53":0,"54":0,"55":0,"56":0,"57":0,"58":0,"59":0,"60":0,"61":0,"62":0,"64":0,"66":0,"67":0,"68":0,"69":0,"70":0,"71":0,"74":0,"75":0,"77":0,"78":0,"81":0,"82":0,"85":0,"86":0,"89":0,"90":0,"91":0,"92":0,"93":0,"94":0,"96":0,"97":0,"98":0,"99":0,"103":0,"104":0,"107":0,"108":0,"109":0,"111":0,"112":0,"113":0,"116":0,"117":0,"118":0},"branchMap":{"0":{"type":"branch","line":1,"loc":{"start":{"line":1,"column":0},"end":{"line":119,"column":-3}},"locations":[{"start":{"line":1,"column":0},"end":{"line":119,"column":-3}}]}},"b":{"0":[0]},"fnMap":{"0":{"name":"(empty-report)","decl":{"start":{"line":1,"column":0},"end":{"line":119,"column":-3}},"loc":{"start":{"line":1,"column":0},"end":{"line":119,"column":-3}},"line":1}},"f":{"0":0}}
,"/Users/chourio/workspace/plugins/react-chatbot-component/src/types.ts": {"path":"/Users/chourio/workspace/plugins/react-chatbot-component/src/types.ts","all":true,"statementMap":{},"s":{},"branchMap":{"0":{"type":"branch","line":1,"loc":{"start":{"line":1,"column":976},"end":{"line":45,"column":1}},"locations":[{"start":{"line":1,"column":976},"end":{"line":45,"column":1}}]}},"b":{"0":[1]},"fnMap":{"0":{"name":"(empty-report)","decl":{"start":{"line":1,"column":976},"end":{"line":45,"column":1}},"loc":{"start":{"line":1,"column":976},"end":{"line":45,"column":1}},"line":1}},"f":{"0":1}}
}
